INFO 2025-11-16 01:30:45,242 views ORDER CONFIRMATION EMAIL
To: admin2@goldenegg.com
Order Num. : #8
- Product: Egg Packaging Supplies
- Quantity :  40
- Total: $799.60
- Status: Success
- Shipped At: 2025-11-15 23:30:44.957156+00:00
******************************************
INFO 2025-11-17 01:58:43,957 views ORDER CONFIRMATION EMAIL
hi there we want to let u know that your order is Successfully placed
See more info: - 
To: operator1@sunrisepoultry.com
Order Num. : #9
- Product: Vitamin Supplements
- Quantity : 20
- Total: $599.80
- Status: Success
- Shipped At: 2025-11-16 23:58:43.548550+00:00
*****************************************************
